{"timestamp":"2026-03-24T21:05:20.764721618-03:00","level":"INFO","fields":{"message":"TUI starting","api_url":"http://localhost"},"target":"tui","line_number":33,"threadId":"ThreadId(1)"}
{"timestamp":"2026-03-24T21:05:20.774779034-03:00","level":"DEBUG","fields":{"message":"starting new connection: http://localhost/","log.target":"reqwest::connect","log.module_path":"reqwest::connect","log.file":"/home/dan/.cargo/registry/src/index.crates.io-1949cf8c6b5b557f/reqwest-0.12.28/src/connect.rs","log.line":929},"target":"reqwest::connect","line_number":929,"threadId":"ThreadId(1)"}
{"timestamp":"2026-03-24T21:05:20.775849759-03:00","level":"DEBUG","fields":{"message":"connecting to [::1]:80"},"target":"hyper_util::client::legacy::connect::http","line_number":768,"threadId":"ThreadId(1)"}
{"timestamp":"2026-03-24T21:05:20.776066770-03:00","level":"DEBUG","fields":{"message":"connected to [::1]:80"},"target":"hyper_util::client::legacy::connect::http","line_number":771,"threadId":"ThreadId(1)"}
{"timestamp":"2026-03-24T21:05:20.777201265-03:00","level":"DEBUG","fields":{"message":"pooling idle connection for (\"http\", localhost)"},"target":"hyper_util::client::legacy::pool","line_number":402,"threadId":"ThreadId(5)"}
{"timestamp":"2026-03-24T21:05:20.777354439-03:00","level":"DEBUG","fields":{"message":"reuse idle connection for (\"http\", localhost)"},"target":"hyper_util::client::legacy::pool","line_number":269,"threadId":"ThreadId(1)"}
{"timestamp":"2026-03-24T21:05:20.778365994-03:00","level":"DEBUG","fields":{"message":"pooling idle connection for (\"http\", localhost)"},"target":"hyper_util::client::legacy::pool","line_number":402,"threadId":"ThreadId(1)"}
{"timestamp":"2026-03-24T21:05:20.778515951-03:00","level":"DEBUG","fields":{"message":"reuse idle connection for (\"http\", localhost)"},"target":"hyper_util::client::legacy::pool","line_number":269,"threadId":"ThreadId(1)"}
{"timestamp":"2026-03-24T21:05:20.931308014-03:00","level":"DEBUG","fields":{"message":"pooling idle connection for (\"http\", localhost)"},"target":"hyper_util::client::legacy::pool","line_number":402,"threadId":"ThreadId(5)"}
{"timestamp":"2026-03-24T21:05:21.187225519-03:00","level":"DEBUG","fields":{"message":"reuse idle connection for (\"http\", localhost)"},"target":"hyper_util::client::legacy::pool","line_number":269,"threadId":"ThreadId(1)"}
{"timestamp":"2026-03-24T21:05:21.188910031-03:00","level":"DEBUG","fields":{"message":"pooling idle connection for (\"http\", localhost)"},"target":"hyper_util::client::legacy::pool","line_number":402,"threadId":"ThreadId(1)"}
{"timestamp":"2026-03-24T21:05:21.189189967-03:00","level":"DEBUG","fields":{"message":"reuse idle connection for (\"http\", localhost)"},"target":"hyper_util::client::legacy::pool","line_number":269,"threadId":"ThreadId(1)"}
{"timestamp":"2026-03-24T21:05:21.190921124-03:00","level":"DEBUG","fields":{"message":"pooling idle connection for (\"http\", localhost)"},"target":"hyper_util::client::legacy::pool","line_number":402,"threadId":"ThreadId(1)"}
{"timestamp":"2026-03-24T21:05:21.191096093-03:00","level":"DEBUG","fields":{"message":"reuse idle connection for (\"http\", localhost)"},"target":"hyper_util::client::legacy::pool","line_number":269,"threadId":"ThreadId(1)"}
{"timestamp":"2026-03-24T21:05:21.294228943-03:00","level":"DEBUG","fields":{"message":"pooling idle connection for (\"http\", localhost)"},"target":"hyper_util::client::legacy::pool","line_number":402,"threadId":"ThreadId(14)"}
{"timestamp":"2026-03-24T21:05:21.548409897-03:00","level":"DEBUG","fields":{"message":"reuse idle connection for (\"http\", localhost)"},"target":"hyper_util::client::legacy::pool","line_number":269,"threadId":"ThreadId(1)"}
{"timestamp":"2026-03-24T21:05:21.549888802-03:00","level":"DEBUG","fields":{"message":"pooling idle connection for (\"http\", localhost)"},"target":"hyper_util::client::legacy::pool","line_number":402,"threadId":"ThreadId(1)"}
{"timestamp":"2026-03-24T21:05:21.550067136-03:00","level":"DEBUG","fields":{"message":"reuse idle connection for (\"http\", localhost)"},"target":"hyper_util::client::legacy::pool","line_number":269,"threadId":"ThreadId(1)"}
{"timestamp":"2026-03-24T21:05:21.551239910-03:00","level":"DEBUG","fields":{"message":"pooling idle connection for (\"http\", localhost)"},"target":"hyper_util::client::legacy::pool","line_number":402,"threadId":"ThreadId(1)"}
{"timestamp":"2026-03-24T21:05:21.551438048-03:00","level":"DEBUG","fields":{"message":"reuse idle connection for (\"http\", localhost)"},"target":"hyper_util::client::legacy::pool","line_number":269,"threadId":"ThreadId(1)"}
{"timestamp":"2026-03-24T21:05:21.662588090-03:00","level":"DEBUG","fields":{"message":"pooling idle connection for (\"http\", localhost)"},"target":"hyper_util::client::legacy::pool","line_number":402,"threadId":"ThreadId(5)"}
{"timestamp":"2026-03-24T21:05:21.916830945-03:00","level":"DEBUG","fields":{"message":"reuse idle connection for (\"http\", localhost)"},"target":"hyper_util::client::legacy::pool","line_number":269,"threadId":"ThreadId(1)"}
{"timestamp":"2026-03-24T21:05:21.918501-03:00","level":"DEBUG","fields":{"message":"pooling idle connection for (\"http\", localhost)"},"target":"hyper_util::client::legacy::pool","line_number":402,"threadId":"ThreadId(1)"}
{"timestamp":"2026-03-24T21:05:21.918703040-03:00","level":"DEBUG","fields":{"message":"reuse idle connection for (\"http\", localhost)"},"target":"hyper_util::client::legacy::pool","line_number":269,"threadId":"ThreadId(1)"}
{"timestamp":"2026-03-24T21:05:21.920455088-03:00","level":"DEBUG","fields":{"message":"pooling idle connection for (\"http\", localhost)"},"target":"hyper_util::client::legacy::pool","line_number":402,"threadId":"ThreadId(1)"}
{"timestamp":"2026-03-24T21:05:21.920655817-03:00","level":"DEBUG","fields":{"message":"reuse idle connection for (\"http\", localhost)"},"target":"hyper_util::client::legacy::pool","line_number":269,"threadId":"ThreadId(1)"}
{"timestamp":"2026-03-24T21:05:22.024745925-03:00","level":"DEBUG","fields":{"message":"pooling idle connection for (\"http\", localhost)"},"target":"hyper_util::client::legacy::pool","line_number":402,"threadId":"ThreadId(14)"}
{"timestamp":"2026-03-24T21:05:22.279073527-03:00","level":"DEBUG","fields":{"message":"reuse idle connection for (\"http\", localhost)"},"target":"hyper_util::client::legacy::pool","line_number":269,"threadId":"ThreadId(1)"}
{"timestamp":"2026-03-24T21:05:22.280985652-03:00","level":"DEBUG","fields":{"message":"pooling idle connection for (\"http\", localhost)"},"target":"hyper_util::client::legacy::pool","line_number":402,"threadId":"ThreadId(1)"}
{"timestamp":"2026-03-24T21:05:22.281144888-03:00","level":"DEBUG","fields":{"message":"reuse idle connection for (\"http\", localhost)"},"target":"hyper_util::client::legacy::pool","line_number":269,"threadId":"ThreadId(1)"}
{"timestamp":"2026-03-24T21:05:22.282300081-03:00","level":"DEBUG","fields":{"message":"pooling idle connection for (\"http\", localhost)"},"target":"hyper_util::client::legacy::pool","line_number":402,"threadId":"ThreadId(1)"}
{"timestamp":"2026-03-24T21:05:22.282500100-03:00","level":"DEBUG","fields":{"message":"reuse idle connection for (\"http\", localhost)"},"target":"hyper_util::client::legacy::pool","line_number":269,"threadId":"ThreadId(1)"}
{"timestamp":"2026-03-24T21:05:22.388357161-03:00","level":"DEBUG","fields":{"message":"pooling idle connection for (\"http\", localhost)"},"target":"hyper_util::client::legacy::pool","line_number":402,"threadId":"ThreadId(14)"}
{"timestamp":"2026-03-24T21:05:22.642524273-03:00","level":"DEBUG","fields":{"message":"reuse idle connection for (\"http\", localhost)"},"target":"hyper_util::client::legacy::pool","line_number":269,"threadId":"ThreadId(1)"}
{"timestamp":"2026-03-24T21:05:22.643783658-03:00","level":"DEBUG","fields":{"message":"pooling idle connection for (\"http\", localhost)"},"target":"hyper_util::client::legacy::pool","line_number":402,"threadId":"ThreadId(1)"}
{"timestamp":"2026-03-24T21:05:22.643966736-03:00","level":"DEBUG","fields":{"message":"reuse idle connection for (\"http\", localhost)"},"target":"hyper_util::client::legacy::pool","line_number":269,"threadId":"ThreadId(1)"}
{"timestamp":"2026-03-24T21:05:22.645091455-03:00","level":"DEBUG","fields":{"message":"pooling idle connection for (\"http\", localhost)"},"target":"hyper_util::client::legacy::pool","line_number":402,"threadId":"ThreadId(1)"}
{"timestamp":"2026-03-24T21:05:22.645266225-03:00","level":"DEBUG","fields":{"message":"reuse idle connection for (\"http\", localhost)"},"target":"hyper_util::client::legacy::pool","line_number":269,"threadId":"ThreadId(1)"}
{"timestamp":"2026-03-24T21:05:22.750566478-03:00","level":"DEBUG","fields":{"message":"pooling idle connection for (\"http\", localhost)"},"target":"hyper_util::client::legacy::pool","line_number":402,"threadId":"ThreadId(5)"}
{"timestamp":"2026-03-24T21:05:23.004538609-03:00","level":"DEBUG","fields":{"message":"reuse idle connection for (\"http\", localhost)"},"target":"hyper_util::client::legacy::pool","line_number":269,"threadId":"ThreadId(1)"}
{"timestamp":"2026-03-24T21:05:23.005728019-03:00","level":"DEBUG","fields":{"message":"pooling idle connection for (\"http\", localhost)"},"target":"hyper_util::client::legacy::pool","line_number":402,"threadId":"ThreadId(1)"}
{"timestamp":"2026-03-24T21:05:23.005910786-03:00","level":"DEBUG","fields":{"message":"reuse idle connection for (\"http\", localhost)"},"target":"hyper_util::client::legacy::pool","line_number":269,"threadId":"ThreadId(1)"}
{"timestamp":"2026-03-24T21:05:23.006813491-03:00","level":"DEBUG","fields":{"message":"pooling idle connection for (\"http\", localhost)"},"target":"hyper_util::client::legacy::pool","line_number":402,"threadId":"ThreadId(13)"}
{"timestamp":"2026-03-24T21:05:23.006952039-03:00","level":"DEBUG","fields":{"message":"reuse idle connection for (\"http\", localhost)"},"target":"hyper_util::client::legacy::pool","line_number":269,"threadId":"ThreadId(1)"}
{"timestamp":"2026-03-24T21:05:23.112882092-03:00","level":"DEBUG","fields":{"message":"pooling idle connection for (\"http\", localhost)"},"target":"hyper_util::client::legacy::pool","line_number":402,"threadId":"ThreadId(13)"}
{"timestamp":"2026-03-24T21:05:23.367076244-03:00","level":"DEBUG","fields":{"message":"reuse idle connection for (\"http\", localhost)"},"target":"hyper_util::client::legacy::pool","line_number":269,"threadId":"ThreadId(1)"}
{"timestamp":"2026-03-24T21:05:23.369000495-03:00","level":"DEBUG","fields":{"message":"pooling idle connection for (\"http\", localhost)"},"target":"hyper_util::client::legacy::pool","line_number":402,"threadId":"ThreadId(1)"}
{"timestamp":"2026-03-24T21:05:23.369262124-03:00","level":"DEBUG","fields":{"message":"reuse idle connection for (\"http\", localhost)"},"target":"hyper_util::client::legacy::pool","line_number":269,"threadId":"ThreadId(1)"}
{"timestamp":"2026-03-24T21:05:23.370863844-03:00","level":"DEBUG","fields":{"message":"pooling idle connection for (\"http\", localhost)"},"target":"hyper_util::client::legacy::pool","line_number":402,"threadId":"ThreadId(5)"}
{"timestamp":"2026-03-24T21:05:23.371038666-03:00","level":"DEBUG","fields":{"message":"reuse idle connection for (\"http\", localhost)"},"target":"hyper_util::client::legacy::pool","line_number":269,"threadId":"ThreadId(1)"}
{"timestamp":"2026-03-24T21:05:23.481909497-03:00","level":"DEBUG","fields":{"message":"pooling idle connection for (\"http\", localhost)"},"target":"hyper_util::client::legacy::pool","line_number":402,"threadId":"ThreadId(5)"}
{"timestamp":"2026-03-24T21:05:23.735937122-03:00","level":"DEBUG","fields":{"message":"reuse idle connection for (\"http\", localhost)"},"target":"hyper_util::client::legacy::pool","line_number":269,"threadId":"ThreadId(1)"}
{"timestamp":"2026-03-24T21:05:23.737162282-03:00","level":"DEBUG","fields":{"message":"pooling idle connection for (\"http\", localhost)"},"target":"hyper_util::client::legacy::pool","line_number":402,"threadId":"ThreadId(1)"}
{"timestamp":"2026-03-24T21:05:23.737323048-03:00","level":"DEBUG","fields":{"message":"reuse idle connection for (\"http\", localhost)"},"target":"hyper_util::client::legacy::pool","line_number":269,"threadId":"ThreadId(1)"}
{"timestamp":"2026-03-24T21:05:23.738852923-03:00","level":"DEBUG","fields":{"message":"pooling idle connection for (\"http\", localhost)"},"target":"hyper_util::client::legacy::pool","line_number":402,"threadId":"ThreadId(1)"}
{"timestamp":"2026-03-24T21:05:23.739031448-03:00","level":"DEBUG","fields":{"message":"reuse idle connection for (\"http\", localhost)"},"target":"hyper_util::client::legacy::pool","line_number":269,"threadId":"ThreadId(1)"}
{"timestamp":"2026-03-24T21:05:23.859559273-03:00","level":"DEBUG","fields":{"message":"pooling idle connection for (\"http\", localhost)"},"target":"hyper_util::client::legacy::pool","line_number":402,"threadId":"ThreadId(5)"}
{"timestamp":"2026-03-24T21:05:24.113761719-03:00","level":"DEBUG","fields":{"message":"reuse idle connection for (\"http\", localhost)"},"target":"hyper_util::client::legacy::pool","line_number":269,"threadId":"ThreadId(1)"}
{"timestamp":"2026-03-24T21:05:24.115676059-03:00","level":"DEBUG","fields":{"message":"pooling idle connection for (\"http\", localhost)"},"target":"hyper_util::client::legacy::pool","line_number":402,"threadId":"ThreadId(1)"}
{"timestamp":"2026-03-24T21:05:24.115891642-03:00","level":"DEBUG","fields":{"message":"reuse idle connection for (\"http\", localhost)"},"target":"hyper_util::client::legacy::pool","line_number":269,"threadId":"ThreadId(1)"}
{"timestamp":"2026-03-24T21:05:24.117442885-03:00","level":"DEBUG","fields":{"message":"pooling idle connection for (\"http\", localhost)"},"target":"hyper_util::client::legacy::pool","line_number":402,"threadId":"ThreadId(1)"}
{"timestamp":"2026-03-24T21:05:24.117632738-03:00","level":"DEBUG","fields":{"message":"reuse idle connection for (\"http\", localhost)"},"target":"hyper_util::client::legacy::pool","line_number":269,"threadId":"ThreadId(1)"}
{"timestamp":"2026-03-24T21:05:24.230037736-03:00","level":"DEBUG","fields":{"message":"pooling idle connection for (\"http\", localhost)"},"target":"hyper_util::client::legacy::pool","line_number":402,"threadId":"ThreadId(14)"}
{"timestamp":"2026-03-24T21:05:24.484228434-03:00","level":"DEBUG","fields":{"message":"reuse idle connection for (\"http\", localhost)"},"target":"hyper_util::client::legacy::pool","line_number":269,"threadId":"ThreadId(1)"}
{"timestamp":"2026-03-24T21:05:24.486228788-03:00","level":"DEBUG","fields":{"message":"pooling idle connection for (\"http\", localhost)"},"target":"hyper_util::client::legacy::pool","line_number":402,"threadId":"ThreadId(1)"}
{"timestamp":"2026-03-24T21:05:24.486464009-03:00","level":"DEBUG","fields":{"message":"reuse idle connection for (\"http\", localhost)"},"target":"hyper_util::client::legacy::pool","line_number":269,"threadId":"ThreadId(1)"}
{"timestamp":"2026-03-24T21:05:24.488420841-03:00","level":"DEBUG","fields":{"message":"pooling idle connection for (\"http\", localhost)"},"target":"hyper_util::client::legacy::pool","line_number":402,"threadId":"ThreadId(1)"}
{"timestamp":"2026-03-24T21:05:24.488608770-03:00","level":"DEBUG","fields":{"message":"reuse idle connection for (\"http\", localhost)"},"target":"hyper_util::client::legacy::pool","line_number":269,"threadId":"ThreadId(1)"}
{"timestamp":"2026-03-24T21:05:24.594954181-03:00","level":"DEBUG","fields":{"message":"pooling idle connection for (\"http\", localhost)"},"target":"hyper_util::client::legacy::pool","line_number":402,"threadId":"ThreadId(13)"}
{"timestamp":"2026-03-24T21:05:24.848851531-03:00","level":"DEBUG","fields":{"message":"reuse idle connection for (\"http\", localhost)"},"target":"hyper_util::client::legacy::pool","line_number":269,"threadId":"ThreadId(1)"}
{"timestamp":"2026-03-24T21:05:24.850205036-03:00","level":"DEBUG","fields":{"message":"pooling idle connection for (\"http\", localhost)"},"target":"hyper_util::client::legacy::pool","line_number":402,"threadId":"ThreadId(1)"}
{"timestamp":"2026-03-24T21:05:24.850314675-03:00","level":"DEBUG","fields":{"message":"reuse idle connection for (\"http\", localhost)"},"target":"hyper_util::client::legacy::pool","line_number":269,"threadId":"ThreadId(1)"}
{"timestamp":"2026-03-24T21:05:24.851653144-03:00","level":"DEBUG","fields":{"message":"pooling idle connection for (\"http\", localhost)"},"target":"hyper_util::client::legacy::pool","line_number":402,"threadId":"ThreadId(5)"}
{"timestamp":"2026-03-24T21:05:24.851744459-03:00","level":"DEBUG","fields":{"message":"reuse idle connection for (\"http\", localhost)"},"target":"hyper_util::client::legacy::pool","line_number":269,"threadId":"ThreadId(1)"}
{"timestamp":"2026-03-24T21:05:24.956581564-03:00","level":"DEBUG","fields":{"message":"pooling idle connection for (\"http\", localhost)"},"target":"hyper_util::client::legacy::pool","line_number":402,"threadId":"ThreadId(5)"}
{"timestamp":"2026-03-24T21:05:25.210677701-03:00","level":"DEBUG","fields":{"message":"reuse idle connection for (\"http\", localhost)"},"target":"hyper_util::client::legacy::pool","line_number":269,"threadId":"ThreadId(1)"}
{"timestamp":"2026-03-24T21:05:25.212338293-03:00","level":"DEBUG","fields":{"message":"pooling idle connection for (\"http\", localhost)"},"target":"hyper_util::client::legacy::pool","line_number":402,"threadId":"ThreadId(1)"}
{"timestamp":"2026-03-24T21:05:25.212510961-03:00","level":"DEBUG","fields":{"message":"reuse idle connection for (\"http\", localhost)"},"target":"hyper_util::client::legacy::pool","line_number":269,"threadId":"ThreadId(1)"}
{"timestamp":"2026-03-24T21:05:25.214151791-03:00","level":"DEBUG","fields":{"message":"pooling idle connection for (\"http\", localhost)"},"target":"hyper_util::client::legacy::pool","line_number":402,"threadId":"ThreadId(1)"}
{"timestamp":"2026-03-24T21:05:25.214351129-03:00","level":"DEBUG","fields":{"message":"reuse idle connection for (\"http\", localhost)"},"target":"hyper_util::client::legacy::pool","line_number":269,"threadId":"ThreadId(1)"}
{"timestamp":"2026-03-24T21:05:25.328286384-03:00","level":"DEBUG","fields":{"message":"pooling idle connection for (\"http\", localhost)"},"target":"hyper_util::client::legacy::pool","line_number":402,"threadId":"ThreadId(14)"}
{"timestamp":"2026-03-24T21:05:25.582199805-03:00","level":"DEBUG","fields":{"message":"reuse idle connection for (\"http\", localhost)"},"target":"hyper_util::client::legacy::pool","line_number":269,"threadId":"ThreadId(1)"}
{"timestamp":"2026-03-24T21:05:25.583723509-03:00","level":"DEBUG","fields":{"message":"pooling idle connection for (\"http\", localhost)"},"target":"hyper_util::client::legacy::pool","line_number":402,"threadId":"ThreadId(1)"}
{"timestamp":"2026-03-24T21:05:25.583892684-03:00","level":"DEBUG","fields":{"message":"reuse idle connection for (\"http\", localhost)"},"target":"hyper_util::client::legacy::pool","line_number":269,"threadId":"ThreadId(1)"}
{"timestamp":"2026-03-24T21:05:25.585200848-03:00","level":"DEBUG","fields":{"message":"pooling idle connection for (\"http\", localhost)"},"target":"hyper_util::client::legacy::pool","line_number":402,"threadId":"ThreadId(1)"}
{"timestamp":"2026-03-24T21:05:25.585398903-03:00","level":"DEBUG","fields":{"message":"reuse idle connection for (\"http\", localhost)"},"target":"hyper_util::client::legacy::pool","line_number":269,"threadId":"ThreadId(1)"}
{"timestamp":"2026-03-24T21:05:25.688040316-03:00","level":"DEBUG","fields":{"message":"pooling idle connection for (\"http\", localhost)"},"target":"hyper_util::client::legacy::pool","line_number":402,"threadId":"ThreadId(13)"}
{"timestamp":"2026-03-24T21:05:25.732601627-03:00","level":"DEBUG","fields":{"message":"reuse idle connection for (\"http\", localhost)"},"target":"hyper_util::client::legacy::pool","line_number":269,"threadId":"ThreadId(1)"}
{"timestamp":"2026-03-24T21:05:25.835190268-03:00","level":"DEBUG","fields":{"message":"pooling idle connection for (\"http\", localhost)"},"target":"hyper_util::client::legacy::pool","line_number":402,"threadId":"ThreadId(5)"}
{"timestamp":"2026-03-24T21:05:25.836057210-03:00","level":"DEBUG","fields":{"message":"reuse idle connection for (\"http\", localhost)"},"target":"hyper_util::client::legacy::pool","line_number":269,"threadId":"ThreadId(1)"}
{"timestamp":"2026-03-24T21:05:25.936347949-03:00","level":"DEBUG","fields":{"message":"pooling idle connection for (\"http\", localhost)"},"target":"hyper_util::client::legacy::pool","line_number":402,"threadId":"ThreadId(1)"}
{"timestamp":"2026-03-24T21:05:25.937361742-03:00","level":"DEBUG","fields":{"message":"reuse idle connection for (\"http\", localhost)"},"target":"hyper_util::client::legacy::pool","line_number":269,"threadId":"ThreadId(1)"}
{"timestamp":"2026-03-24T21:05:25.938011088-03:00","level":"DEBUG","fields":{"message":"pooling idle connection for (\"http\", localhost)"},"target":"hyper_util::client::legacy::pool","line_number":402,"threadId":"ThreadId(1)"}
{"timestamp":"2026-03-24T21:05:25.938142171-03:00","level":"DEBUG","fields":{"message":"reuse idle connection for (\"http\", localhost)"},"target":"hyper_util::client::legacy::pool","line_number":269,"threadId":"ThreadId(1)"}
{"timestamp":"2026-03-24T21:05:25.938918260-03:00","level":"DEBUG","fields":{"message":"pooling idle connection for (\"http\", localhost)"},"target":"hyper_util::client::legacy::pool","line_number":402,"threadId":"ThreadId(14)"}
{"timestamp":"2026-03-24T21:05:26.194479275-03:00","level":"DEBUG","fields":{"message":"reuse idle connection for (\"http\", localhost)"},"target":"hyper_util::client::legacy::pool","line_number":269,"threadId":"ThreadId(1)"}
{"timestamp":"2026-03-24T21:05:26.196109826-03:00","level":"DEBUG","fields":{"message":"pooling idle connection for (\"http\", localhost)"},"target":"hyper_util::client::legacy::pool","line_number":402,"threadId":"ThreadId(1)"}
{"timestamp":"2026-03-24T21:05:26.196305285-03:00","level":"DEBUG","fields":{"message":"reuse idle connection for (\"http\", localhost)"},"target":"hyper_util::client::legacy::pool","line_number":269,"threadId":"ThreadId(1)"}
{"timestamp":"2026-03-24T21:05:26.197452158-03:00","level":"DEBUG","fields":{"message":"pooling idle connection for (\"http\", localhost)"},"target":"hyper_util::client::legacy::pool","line_number":402,"threadId":"ThreadId(14)"}
{"timestamp":"2026-03-24T21:05:26.451722662-03:00","level":"DEBUG","fields":{"message":"reuse idle connection for (\"http\", localhost)"},"target":"hyper_util::client::legacy::pool","line_number":269,"threadId":"ThreadId(1)"}
{"timestamp":"2026-03-24T21:05:26.453259846-03:00","level":"DEBUG","fields":{"message":"pooling idle connection for (\"http\", localhost)"},"target":"hyper_util::client::legacy::pool","line_number":402,"threadId":"ThreadId(1)"}
{"timestamp":"2026-03-24T21:05:26.453448380-03:00","level":"DEBUG","fields":{"message":"reuse idle connection for (\"http\", localhost)"},"target":"hyper_util::client::legacy::pool","line_number":269,"threadId":"ThreadId(1)"}
{"timestamp":"2026-03-24T21:05:26.455110974-03:00","level":"DEBUG","fields":{"message":"pooling idle connection for (\"http\", localhost)"},"target":"hyper_util::client::legacy::pool","line_number":402,"threadId":"ThreadId(1)"}
{"timestamp":"2026-03-24T21:05:28.928196135-03:00","level":"DEBUG","fields":{"message":"reuse idle connection for (\"http\", localhost)"},"target":"hyper_util::client::legacy::pool","line_number":269,"threadId":"ThreadId(1)"}
{"timestamp":"2026-03-24T21:05:28.930071622-03:00","level":"DEBUG","fields":{"message":"pooling idle connection for (\"http\", localhost)"},"target":"hyper_util::client::legacy::pool","line_number":402,"threadId":"ThreadId(1)"}
{"timestamp":"2026-03-24T21:05:28.930232745-03:00","level":"DEBUG","fields":{"message":"reuse idle connection for (\"http\", localhost)"},"target":"hyper_util::client::legacy::pool","line_number":269,"threadId":"ThreadId(1)"}
{"timestamp":"2026-03-24T21:05:28.931856127-03:00","level":"DEBUG","fields":{"message":"pooling idle connection for (\"http\", localhost)"},"target":"hyper_util::client::legacy::pool","line_number":402,"threadId":"ThreadId(14)"}
{"timestamp":"2026-03-24T21:05:29.186139236-03:00","level":"DEBUG","fields":{"message":"reuse idle connection for (\"http\", localhost)"},"target":"hyper_util::client::legacy::pool","line_number":269,"threadId":"ThreadId(1)"}
{"timestamp":"2026-03-24T21:05:29.187575742-03:00","level":"DEBUG","fields":{"message":"pooling idle connection for (\"http\", localhost)"},"target":"hyper_util::client::legacy::pool","line_number":402,"threadId":"ThreadId(1)"}
{"timestamp":"2026-03-24T21:05:29.187787629-03:00","level":"DEBUG","fields":{"message":"reuse idle connection for (\"http\", localhost)"},"target":"hyper_util::client::legacy::pool","line_number":269,"threadId":"ThreadId(1)"}
{"timestamp":"2026-03-24T21:05:29.189125342-03:00","level":"DEBUG","fields":{"message":"pooling idle connection for (\"http\", localhost)"},"target":"hyper_util::client::legacy::pool","line_number":402,"threadId":"ThreadId(14)"}
{"timestamp":"2026-03-24T21:05:29.443587355-03:00","level":"DEBUG","fields":{"message":"reuse idle connection for (\"http\", localhost)"},"target":"hyper_util::client::legacy::pool","line_number":269,"threadId":"ThreadId(1)"}
{"timestamp":"2026-03-24T21:05:29.445071471-03:00","level":"DEBUG","fields":{"message":"pooling idle connection for (\"http\", localhost)"},"target":"hyper_util::client::legacy::pool","line_number":402,"threadId":"ThreadId(1)"}
{"timestamp":"2026-03-24T21:05:29.445228996-03:00","level":"DEBUG","fields":{"message":"reuse idle connection for (\"http\", localhost)"},"target":"hyper_util::client::legacy::pool","line_number":269,"threadId":"ThreadId(1)"}
{"timestamp":"2026-03-24T21:05:29.446563921-03:00","level":"DEBUG","fields":{"message":"pooling idle connection for (\"http\", localhost)"},"target":"hyper_util::client::legacy::pool","line_number":402,"threadId":"ThreadId(1)"}
{"timestamp":"2026-03-24T21:05:29.496885057-03:00","level":"DEBUG","fields":{"message":"reuse idle connection for (\"http\", localhost)"},"target":"hyper_util::client::legacy::pool","line_number":269,"threadId":"ThreadId(1)"}
{"timestamp":"2026-03-24T21:05:29.497980453-03:00","level":"DEBUG","fields":{"message":"pooling idle connection for (\"http\", localhost)"},"target":"hyper_util::client::legacy::pool","line_number":402,"threadId":"ThreadId(1)"}
{"timestamp":"2026-03-24T21:05:29.498100614-03:00","level":"DEBUG","fields":{"message":"reuse idle connection for (\"http\", localhost)"},"target":"hyper_util::client::legacy::pool","line_number":269,"threadId":"ThreadId(1)"}
{"timestamp":"2026-03-24T21:05:29.629973700-03:00","level":"DEBUG","fields":{"message":"pooling idle connection for (\"http\", localhost)"},"target":"hyper_util::client::legacy::pool","line_number":402,"threadId":"ThreadId(14)"}
{"timestamp":"2026-03-24T21:05:29.630899623-03:00","level":"DEBUG","fields":{"message":"reuse idle connection for (\"http\", localhost)"},"target":"hyper_util::client::legacy::pool","line_number":269,"threadId":"ThreadId(1)"}
{"timestamp":"2026-03-24T21:05:29.631980725-03:00","level":"DEBUG","fields":{"message":"pooling idle connection for (\"http\", localhost)"},"target":"hyper_util::client::legacy::pool","line_number":402,"threadId":"ThreadId(1)"}
{"timestamp":"2026-03-24T21:05:29.632115885-03:00","level":"DEBUG","fields":{"message":"reuse idle connection for (\"http\", localhost)"},"target":"hyper_util::client::legacy::pool","line_number":269,"threadId":"ThreadId(1)"}
{"timestamp":"2026-03-24T21:05:29.633080802-03:00","level":"DEBUG","fields":{"message":"pooling idle connection for (\"http\", localhost)"},"target":"hyper_util::client::legacy::pool","line_number":402,"threadId":"ThreadId(1)"}
{"timestamp":"2026-03-24T21:05:29.887606349-03:00","level":"DEBUG","fields":{"message":"reuse idle connection for (\"http\", localhost)"},"target":"hyper_util::client::legacy::pool","line_number":269,"threadId":"ThreadId(1)"}
{"timestamp":"2026-03-24T21:05:29.889303697-03:00","level":"DEBUG","fields":{"message":"pooling idle connection for (\"http\", localhost)"},"target":"hyper_util::client::legacy::pool","line_number":402,"threadId":"ThreadId(1)"}
{"timestamp":"2026-03-24T21:05:29.889538877-03:00","level":"DEBUG","fields":{"message":"reuse idle connection for (\"http\", localhost)"},"target":"hyper_util::client::legacy::pool","line_number":269,"threadId":"ThreadId(1)"}
{"timestamp":"2026-03-24T21:05:29.890925711-03:00","level":"DEBUG","fields":{"message":"pooling idle connection for (\"http\", localhost)"},"target":"hyper_util::client::legacy::pool","line_number":402,"threadId":"ThreadId(1)"}
{"timestamp":"2026-03-24T21:05:30.145459181-03:00","level":"DEBUG","fields":{"message":"reuse idle connection for (\"http\", localhost)"},"target":"hyper_util::client::legacy::pool","line_number":269,"threadId":"ThreadId(1)"}
{"timestamp":"2026-03-24T21:05:30.147247877-03:00","level":"DEBUG","fields":{"message":"pooling idle connection for (\"http\", localhost)"},"target":"hyper_util::client::legacy::pool","line_number":402,"threadId":"ThreadId(1)"}
{"timestamp":"2026-03-24T21:05:30.147474088-03:00","level":"DEBUG","fields":{"message":"reuse idle connection for (\"http\", localhost)"},"target":"hyper_util::client::legacy::pool","line_number":269,"threadId":"ThreadId(1)"}
{"timestamp":"2026-03-24T21:05:30.149027546-03:00","level":"DEBUG","fields":{"message":"pooling idle connection for (\"http\", localhost)"},"target":"hyper_util::client::legacy::pool","line_number":402,"threadId":"ThreadId(1)"}
{"timestamp":"2026-03-24T21:05:30.403415319-03:00","level":"DEBUG","fields":{"message":"reuse idle connection for (\"http\", localhost)"},"target":"hyper_util::client::legacy::pool","line_number":269,"threadId":"ThreadId(1)"}
{"timestamp":"2026-03-24T21:05:30.404740608-03:00","level":"DEBUG","fields":{"message":"pooling idle connection for (\"http\", localhost)"},"target":"hyper_util::client::legacy::pool","line_number":402,"threadId":"ThreadId(1)"}
{"timestamp":"2026-03-24T21:05:30.404991673-03:00","level":"DEBUG","fields":{"message":"reuse idle connection for (\"http\", localhost)"},"target":"hyper_util::client::legacy::pool","line_number":269,"threadId":"ThreadId(1)"}
{"timestamp":"2026-03-24T21:05:30.406586476-03:00","level":"DEBUG","fields":{"message":"pooling idle connection for (\"http\", localhost)"},"target":"hyper_util::client::legacy::pool","line_number":402,"threadId":"ThreadId(1)"}
{"timestamp":"2026-03-24T21:05:30.662092119-03:00","level":"DEBUG","fields":{"message":"reuse idle connection for (\"http\", localhost)"},"target":"hyper_util::client::legacy::pool","line_number":269,"threadId":"ThreadId(1)"}
{"timestamp":"2026-03-24T21:05:30.663671816-03:00","level":"DEBUG","fields":{"message":"pooling idle connection for (\"http\", localhost)"},"target":"hyper_util::client::legacy::pool","line_number":402,"threadId":"ThreadId(1)"}
{"timestamp":"2026-03-24T21:05:30.663862137-03:00","level":"DEBUG","fields":{"message":"reuse idle connection for (\"http\", localhost)"},"target":"hyper_util::client::legacy::pool","line_number":269,"threadId":"ThreadId(1)"}
{"timestamp":"2026-03-24T21:05:30.665448462-03:00","level":"DEBUG","fields":{"message":"pooling idle connection for (\"http\", localhost)"},"target":"hyper_util::client::legacy::pool","line_number":402,"threadId":"ThreadId(1)"}
{"timestamp":"2026-03-24T21:05:30.919683695-03:00","level":"DEBUG","fields":{"message":"reuse idle connection for (\"http\", localhost)"},"target":"hyper_util::client::legacy::pool","line_number":269,"threadId":"ThreadId(1)"}
{"timestamp":"2026-03-24T21:05:30.921193194-03:00","level":"DEBUG","fields":{"message":"pooling idle connection for (\"http\", localhost)"},"target":"hyper_util::client::legacy::pool","line_number":402,"threadId":"ThreadId(1)"}
{"timestamp":"2026-03-24T21:05:30.921367762-03:00","level":"DEBUG","fields":{"message":"reuse idle connection for (\"http\", localhost)"},"target":"hyper_util::client::legacy::pool","line_number":269,"threadId":"ThreadId(1)"}
{"timestamp":"2026-03-24T21:05:30.923318033-03:00","level":"DEBUG","fields":{"message":"pooling idle connection for (\"http\", localhost)"},"target":"hyper_util::client::legacy::pool","line_number":402,"threadId":"ThreadId(1)"}
{"timestamp":"2026-03-24T21:05:31.177589518-03:00","level":"DEBUG","fields":{"message":"reuse idle connection for (\"http\", localhost)"},"target":"hyper_util::client::legacy::pool","line_number":269,"threadId":"ThreadId(1)"}
{"timestamp":"2026-03-24T21:05:31.179487799-03:00","level":"DEBUG","fields":{"message":"pooling idle connection for (\"http\", localhost)"},"target":"hyper_util::client::legacy::pool","line_number":402,"threadId":"ThreadId(1)"}
{"timestamp":"2026-03-24T21:05:31.179669327-03:00","level":"DEBUG","fields":{"message":"reuse idle connection for (\"http\", localhost)"},"target":"hyper_util::client::legacy::pool","line_number":269,"threadId":"ThreadId(1)"}
{"timestamp":"2026-03-24T21:05:31.181520356-03:00","level":"DEBUG","fields":{"message":"pooling idle connection for (\"http\", localhost)"},"target":"hyper_util::client::legacy::pool","line_number":402,"threadId":"ThreadId(1)"}
{"timestamp":"2026-03-24T21:05:31.435868521-03:00","level":"DEBUG","fields":{"message":"reuse idle connection for (\"http\", localhost)"},"target":"hyper_util::client::legacy::pool","line_number":269,"threadId":"ThreadId(1)"}
{"timestamp":"2026-03-24T21:05:31.436905268-03:00","level":"DEBUG","fields":{"message":"pooling idle connection for (\"http\", localhost)"},"target":"hyper_util::client::legacy::pool","line_number":402,"threadId":"ThreadId(1)"}
{"timestamp":"2026-03-24T21:05:31.437118088-03:00","level":"DEBUG","fields":{"message":"reuse idle connection for (\"http\", localhost)"},"target":"hyper_util::client::legacy::pool","line_number":269,"threadId":"ThreadId(1)"}
{"timestamp":"2026-03-24T21:05:31.438442453-03:00","level":"DEBUG","fields":{"message":"pooling idle connection for (\"http\", localhost)"},"target":"hyper_util::client::legacy::pool","line_number":402,"threadId":"ThreadId(1)"}
{"timestamp":"2026-03-24T21:05:31.692710817-03:00","level":"DEBUG","fields":{"message":"reuse idle connection for (\"http\", localhost)"},"target":"hyper_util::client::legacy::pool","line_number":269,"threadId":"ThreadId(1)"}
{"timestamp":"2026-03-24T21:05:31.694326256-03:00","level":"DEBUG","fields":{"message":"pooling idle connection for (\"http\", localhost)"},"target":"hyper_util::client::legacy::pool","line_number":402,"threadId":"ThreadId(1)"}
{"timestamp":"2026-03-24T21:05:31.694617587-03:00","level":"DEBUG","fields":{"message":"reuse idle connection for (\"http\", localhost)"},"target":"hyper_util::client::legacy::pool","line_number":269,"threadId":"ThreadId(1)"}
{"timestamp":"2026-03-24T21:05:31.696101705-03:00","level":"DEBUG","fields":{"message":"pooling idle connection for (\"http\", localhost)"},"target":"hyper_util::client::legacy::pool","line_number":402,"threadId":"ThreadId(13)"}
{"timestamp":"2026-03-24T21:05:31.950486854-03:00","level":"DEBUG","fields":{"message":"reuse idle connection for (\"http\", localhost)"},"target":"hyper_util::client::legacy::pool","line_number":269,"threadId":"ThreadId(1)"}
{"timestamp":"2026-03-24T21:05:31.952363702-03:00","level":"DEBUG","fields":{"message":"pooling idle connection for (\"http\", localhost)"},"target":"hyper_util::client::legacy::pool","line_number":402,"threadId":"ThreadId(1)"}
{"timestamp":"2026-03-24T21:05:31.952591707-03:00","level":"DEBUG","fields":{"message":"reuse idle connection for (\"http\", localhost)"},"target":"hyper_util::client::legacy::pool","line_number":269,"threadId":"ThreadId(1)"}
{"timestamp":"2026-03-24T21:05:31.954157617-03:00","level":"DEBUG","fields":{"message":"pooling idle connection for (\"http\", localhost)"},"target":"hyper_util::client::legacy::pool","line_number":402,"threadId":"ThreadId(1)"}
{"timestamp":"2026-03-24T21:05:32.208601178-03:00","level":"DEBUG","fields":{"message":"reuse idle connection for (\"http\", localhost)"},"target":"hyper_util::client::legacy::pool","line_number":269,"threadId":"ThreadId(1)"}
{"timestamp":"2026-03-24T21:05:32.210262943-03:00","level":"DEBUG","fields":{"message":"pooling idle connection for (\"http\", localhost)"},"target":"hyper_util::client::legacy::pool","line_number":402,"threadId":"ThreadId(5)"}
{"timestamp":"2026-03-24T21:05:32.210469067-03:00","level":"DEBUG","fields":{"message":"reuse idle connection for (\"http\", localhost)"},"target":"hyper_util::client::legacy::pool","line_number":269,"threadId":"ThreadId(1)"}
{"timestamp":"2026-03-24T21:05:32.211758418-03:00","level":"DEBUG","fields":{"message":"pooling idle connection for (\"http\", localhost)"},"target":"hyper_util::client::legacy::pool","line_number":402,"threadId":"ThreadId(1)"}
{"timestamp":"2026-03-24T21:05:32.469165640-03:00","level":"DEBUG","fields":{"message":"reuse idle connection for (\"http\", localhost)"},"target":"hyper_util::client::legacy::pool","line_number":269,"threadId":"ThreadId(1)"}
{"timestamp":"2026-03-24T21:05:32.471246972-03:00","level":"DEBUG","fields":{"message":"pooling idle connection for (\"http\", localhost)"},"target":"hyper_util::client::legacy::pool","line_number":402,"threadId":"ThreadId(1)"}
{"timestamp":"2026-03-24T21:05:32.471692823-03:00","level":"DEBUG","fields":{"message":"reuse idle connection for (\"http\", localhost)"},"target":"hyper_util::client::legacy::pool","line_number":269,"threadId":"ThreadId(1)"}
{"timestamp":"2026-03-24T21:05:32.473459123-03:00","level":"DEBUG","fields":{"message":"pooling idle connection for (\"http\", localhost)"},"target":"hyper_util::client::legacy::pool","line_number":402,"threadId":"ThreadId(1)"}
{"timestamp":"2026-03-24T21:05:32.943206894-03:00","level":"DEBUG","fields":{"message":"reuse idle connection for (\"http\", localhost)"},"target":"hyper_util::client::legacy::pool","line_number":269,"threadId":"ThreadId(1)"}
{"timestamp":"2026-03-24T21:05:32.944683169-03:00","level":"DEBUG","fields":{"message":"pooling idle connection for (\"http\", localhost)"},"target":"hyper_util::client::legacy::pool","line_number":402,"threadId":"ThreadId(1)"}
{"timestamp":"2026-03-24T21:05:32.944856985-03:00","level":"DEBUG","fields":{"message":"reuse idle connection for (\"http\", localhost)"},"target":"hyper_util::client::legacy::pool","line_number":269,"threadId":"ThreadId(1)"}
{"timestamp":"2026-03-24T21:05:32.946148399-03:00","level":"DEBUG","fields":{"message":"pooling idle connection for (\"http\", localhost)"},"target":"hyper_util::client::legacy::pool","line_number":402,"threadId":"ThreadId(1)"}
{"timestamp":"2026-03-24T21:05:33.200950479-03:00","level":"DEBUG","fields":{"message":"reuse idle connection for (\"http\", localhost)"},"target":"hyper_util::client::legacy::pool","line_number":269,"threadId":"ThreadId(1)"}
{"timestamp":"2026-03-24T21:05:33.202593601-03:00","level":"DEBUG","fields":{"message":"pooling idle connection for (\"http\", localhost)"},"target":"hyper_util::client::legacy::pool","line_number":402,"threadId":"ThreadId(1)"}
{"timestamp":"2026-03-24T21:05:33.202764007-03:00","level":"DEBUG","fields":{"message":"reuse idle connection for (\"http\", localhost)"},"target":"hyper_util::client::legacy::pool","line_number":269,"threadId":"ThreadId(1)"}
{"timestamp":"2026-03-24T21:05:33.204157900-03:00","level":"DEBUG","fields":{"message":"pooling idle connection for (\"http\", localhost)"},"target":"hyper_util::client::legacy::pool","line_number":402,"threadId":"ThreadId(1)"}
{"timestamp":"2026-03-24T21:05:33.458703407-03:00","level":"DEBUG","fields":{"message":"reuse idle connection for (\"http\", localhost)"},"target":"hyper_util::client::legacy::pool","line_number":269,"threadId":"ThreadId(1)"}
{"timestamp":"2026-03-24T21:05:33.459947593-03:00","level":"DEBUG","fields":{"message":"pooling idle connection for (\"http\", localhost)"},"target":"hyper_util::client::legacy::pool","line_number":402,"threadId":"ThreadId(1)"}
{"timestamp":"2026-03-24T21:05:33.460094179-03:00","level":"DEBUG","fields":{"message":"reuse idle connection for (\"http\", localhost)"},"target":"hyper_util::client::legacy::pool","line_number":269,"threadId":"ThreadId(1)"}
{"timestamp":"2026-03-24T21:05:33.461425731-03:00","level":"DEBUG","fields":{"message":"pooling idle connection for (\"http\", localhost)"},"target":"hyper_util::client::legacy::pool","line_number":402,"threadId":"ThreadId(1)"}
{"timestamp":"2026-03-24T21:05:34.448750855-03:00","level":"DEBUG","fields":{"message":"reuse idle connection for (\"http\", localhost)"},"target":"hyper_util::client::legacy::pool","line_number":269,"threadId":"ThreadId(1)"}
{"timestamp":"2026-03-24T21:05:34.450769941-03:00","level":"DEBUG","fields":{"message":"pooling idle connection for (\"http\", localhost)"},"target":"hyper_util::client::legacy::pool","line_number":402,"threadId":"ThreadId(1)"}
{"timestamp":"2026-03-24T21:05:34.450965019-03:00","level":"DEBUG","fields":{"message":"reuse idle connection for (\"http\", localhost)"},"target":"hyper_util::client::legacy::pool","line_number":269,"threadId":"ThreadId(1)"}
{"timestamp":"2026-03-24T21:05:34.452883967-03:00","level":"DEBUG","fields":{"message":"pooling idle connection for (\"http\", localhost)"},"target":"hyper_util::client::legacy::pool","line_number":402,"threadId":"ThreadId(1)"}
{"timestamp":"2026-03-24T21:05:34.935743873-03:00","level":"DEBUG","fields":{"message":"reuse idle connection for (\"http\", localhost)"},"target":"hyper_util::client::legacy::pool","line_number":269,"threadId":"ThreadId(1)"}
{"timestamp":"2026-03-24T21:05:34.937691823-03:00","level":"DEBUG","fields":{"message":"pooling idle connection for (\"http\", localhost)"},"target":"hyper_util::client::legacy::pool","line_number":402,"threadId":"ThreadId(1)"}
{"timestamp":"2026-03-24T21:05:34.937890360-03:00","level":"DEBUG","fields":{"message":"reuse idle connection for (\"http\", localhost)"},"target":"hyper_util::client::legacy::pool","line_number":269,"threadId":"ThreadId(1)"}
{"timestamp":"2026-03-24T21:05:34.939591763-03:00","level":"DEBUG","fields":{"message":"pooling idle connection for (\"http\", localhost)"},"target":"hyper_util::client::legacy::pool","line_number":402,"threadId":"ThreadId(1)"}
{"timestamp":"2026-03-24T21:05:35.194241328-03:00","level":"DEBUG","fields":{"message":"reuse idle connection for (\"http\", localhost)"},"target":"hyper_util::client::legacy::pool","line_number":269,"threadId":"ThreadId(1)"}
{"timestamp":"2026-03-24T21:05:35.196050351-03:00","level":"DEBUG","fields":{"message":"pooling idle connection for (\"http\", localhost)"},"target":"hyper_util::client::legacy::pool","line_number":402,"threadId":"ThreadId(1)"}
{"timestamp":"2026-03-24T21:05:35.196276779-03:00","level":"DEBUG","fields":{"message":"reuse idle connection for (\"http\", localhost)"},"target":"hyper_util::client::legacy::pool","line_number":269,"threadId":"ThreadId(1)"}
{"timestamp":"2026-03-24T21:05:35.198292105-03:00","level":"DEBUG","fields":{"message":"pooling idle connection for (\"http\", localhost)"},"target":"hyper_util::client::legacy::pool","line_number":402,"threadId":"ThreadId(1)"}
{"timestamp":"2026-03-24T21:05:35.691255366-03:00","level":"DEBUG","fields":{"message":"reuse idle connection for (\"http\", localhost)"},"target":"hyper_util::client::legacy::pool","line_number":269,"threadId":"ThreadId(1)"}
{"timestamp":"2026-03-24T21:05:35.692663484-03:00","level":"DEBUG","fields":{"message":"pooling idle connection for (\"http\", localhost)"},"target":"hyper_util::client::legacy::pool","line_number":402,"threadId":"ThreadId(1)"}
{"timestamp":"2026-03-24T21:05:35.947503747-03:00","level":"DEBUG","fields":{"message":"reuse idle connection for (\"http\", localhost)"},"target":"hyper_util::client::legacy::pool","line_number":269,"threadId":"ThreadId(1)"}
{"timestamp":"2026-03-24T21:05:35.949185501-03:00","level":"DEBUG","fields":{"message":"pooling idle connection for (\"http\", localhost)"},"target":"hyper_util::client::legacy::pool","line_number":402,"threadId":"ThreadId(1)"}
{"timestamp":"2026-03-24T21:05:35.949366118-03:00","level":"DEBUG","fields":{"message":"reuse idle connection for (\"http\", localhost)"},"target":"hyper_util::client::legacy::pool","line_number":269,"threadId":"ThreadId(1)"}
{"timestamp":"2026-03-24T21:05:35.950993352-03:00","level":"DEBUG","fields":{"message":"pooling idle connection for (\"http\", localhost)"},"target":"hyper_util::client::legacy::pool","line_number":402,"threadId":"ThreadId(1)"}
{"timestamp":"2026-03-24T21:05:36.205779203-03:00","level":"DEBUG","fields":{"message":"reuse idle connection for (\"http\", localhost)"},"target":"hyper_util::client::legacy::pool","line_number":269,"threadId":"ThreadId(1)"}
{"timestamp":"2026-03-24T21:05:36.207849354-03:00","level":"DEBUG","fields":{"message":"pooling idle connection for (\"http\", localhost)"},"target":"hyper_util::client::legacy::pool","line_number":402,"threadId":"ThreadId(1)"}
{"timestamp":"2026-03-24T21:05:36.208023031-03:00","level":"DEBUG","fields":{"message":"reuse idle connection for (\"http\", localhost)"},"target":"hyper_util::client::legacy::pool","line_number":269,"threadId":"ThreadId(1)"}
{"timestamp":"2026-03-24T21:05:36.209721221-03:00","level":"DEBUG","fields":{"message":"pooling idle connection for (\"http\", localhost)"},"target":"hyper_util::client::legacy::pool","line_number":402,"threadId":"ThreadId(1)"}
{"timestamp":"2026-03-24T21:05:36.464502889-03:00","level":"DEBUG","fields":{"message":"reuse idle connection for (\"http\", localhost)"},"target":"hyper_util::client::legacy::pool","line_number":269,"threadId":"ThreadId(1)"}
{"timestamp":"2026-03-24T21:05:36.466235098-03:00","level":"DEBUG","fields":{"message":"pooling idle connection for (\"http\", localhost)"},"target":"hyper_util::client::legacy::pool","line_number":402,"threadId":"ThreadId(1)"}
{"timestamp":"2026-03-24T21:05:36.466446469-03:00","level":"DEBUG","fields":{"message":"reuse idle connection for (\"http\", localhost)"},"target":"hyper_util::client::legacy::pool","line_number":269,"threadId":"ThreadId(1)"}
{"timestamp":"2026-03-24T21:05:36.468219961-03:00","level":"DEBUG","fields":{"message":"pooling idle connection for (\"http\", localhost)"},"target":"hyper_util::client::legacy::pool","line_number":402,"threadId":"ThreadId(1)"}
{"timestamp":"2026-03-24T21:05:36.965086159-03:00","level":"DEBUG","fields":{"message":"reuse idle connection for (\"http\", localhost)"},"target":"hyper_util::client::legacy::pool","line_number":269,"threadId":"ThreadId(1)"}
{"timestamp":"2026-03-24T21:05:36.966824955-03:00","level":"DEBUG","fields":{"message":"pooling idle connection for (\"http\", localhost)"},"target":"hyper_util::client::legacy::pool","line_number":402,"threadId":"ThreadId(1)"}
{"timestamp":"2026-03-24T21:05:36.967028641-03:00","level":"DEBUG","fields":{"message":"reuse idle connection for (\"http\", localhost)"},"target":"hyper_util::client::legacy::pool","line_number":269,"threadId":"ThreadId(1)"}
{"timestamp":"2026-03-24T21:05:36.968786534-03:00","level":"DEBUG","fields":{"message":"pooling idle connection for (\"http\", localhost)"},"target":"hyper_util::client::legacy::pool","line_number":402,"threadId":"ThreadId(1)"}
{"timestamp":"2026-03-24T21:05:37.223635037-03:00","level":"DEBUG","fields":{"message":"reuse idle connection for (\"http\", localhost)"},"target":"hyper_util::client::legacy::pool","line_number":269,"threadId":"ThreadId(1)"}
{"timestamp":"2026-03-24T21:05:37.225103073-03:00","level":"DEBUG","fields":{"message":"pooling idle connection for (\"http\", localhost)"},"target":"hyper_util::client::legacy::pool","line_number":402,"threadId":"ThreadId(1)"}
{"timestamp":"2026-03-24T21:05:37.225267377-03:00","level":"DEBUG","fields":{"message":"reuse idle connection for (\"http\", localhost)"},"target":"hyper_util::client::legacy::pool","line_number":269,"threadId":"ThreadId(1)"}
{"timestamp":"2026-03-24T21:05:37.226566473-03:00","level":"DEBUG","fields":{"message":"pooling idle connection for (\"http\", localhost)"},"target":"hyper_util::client::legacy::pool","line_number":402,"threadId":"ThreadId(1)"}
{"timestamp":"2026-03-24T21:05:37.481285561-03:00","level":"DEBUG","fields":{"message":"reuse idle connection for (\"http\", localhost)"},"target":"hyper_util::client::legacy::pool","line_number":269,"threadId":"ThreadId(1)"}
{"timestamp":"2026-03-24T21:05:37.482912351-03:00","level":"DEBUG","fields":{"message":"pooling idle connection for (\"http\", localhost)"},"target":"hyper_util::client::legacy::pool","line_number":402,"threadId":"ThreadId(1)"}
{"timestamp":"2026-03-24T21:05:37.483086503-03:00","level":"DEBUG","fields":{"message":"reuse idle connection for (\"http\", localhost)"},"target":"hyper_util::client::legacy::pool","line_number":269,"threadId":"ThreadId(1)"}
{"timestamp":"2026-03-24T21:05:37.484591073-03:00","level":"DEBUG","fields":{"message":"pooling idle connection for (\"http\", localhost)"},"target":"hyper_util::client::legacy::pool","line_number":402,"threadId":"ThreadId(1)"}
{"timestamp":"2026-03-24T21:05:37.771876352-03:00","level":"DEBUG","fields":{"message":"reuse idle connection for (\"http\", localhost)"},"target":"hyper_util::client::legacy::pool","line_number":269,"threadId":"ThreadId(1)"}
{"timestamp":"2026-03-24T21:05:37.773627204-03:00","level":"DEBUG","fields":{"message":"pooling idle connection for (\"http\", localhost)"},"target":"hyper_util::client::legacy::pool","line_number":402,"threadId":"ThreadId(1)"}
{"timestamp":"2026-03-24T21:05:37.773785535-03:00","level":"DEBUG","fields":{"message":"reuse idle connection for (\"http\", localhost)"},"target":"hyper_util::client::legacy::pool","line_number":269,"threadId":"ThreadId(1)"}
{"timestamp":"2026-03-24T21:05:37.775303650-03:00","level":"DEBUG","fields":{"message":"pooling idle connection for (\"http\", localhost)"},"target":"hyper_util::client::legacy::pool","line_number":402,"threadId":"ThreadId(1)"}
{"timestamp":"2026-03-24T21:05:37.984188778-03:00","level":"DEBUG","fields":{"message":"reuse idle connection for (\"http\", localhost)"},"target":"hyper_util::client::legacy::pool","line_number":269,"threadId":"ThreadId(1)"}
{"timestamp":"2026-03-24T21:05:38.087686131-03:00","level":"DEBUG","fields":{"message":"pooling idle connection for (\"http\", localhost)"},"target":"hyper_util::client::legacy::pool","line_number":402,"threadId":"ThreadId(5)"}
{"timestamp":"2026-03-24T21:05:38.089766387-03:00","level":"DEBUG","fields":{"message":"reuse idle connection for (\"http\", localhost)"},"target":"hyper_util::client::legacy::pool","line_number":269,"threadId":"ThreadId(1)"}
{"timestamp":"2026-03-24T21:05:38.090595600-03:00","level":"DEBUG","fields":{"message":"pooling idle connection for (\"http\", localhost)"},"target":"hyper_util::client::legacy::pool","line_number":402,"threadId":"ThreadId(1)"}
{"timestamp":"2026-03-24T21:05:38.090875569-03:00","level":"DEBUG","fields":{"message":"reuse idle connection for (\"http\", localhost)"},"target":"hyper_util::client::legacy::pool","line_number":269,"threadId":"ThreadId(1)"}
{"timestamp":"2026-03-24T21:05:38.091969962-03:00","level":"DEBUG","fields":{"message":"pooling idle connection for (\"http\", localhost)"},"target":"hyper_util::client::legacy::pool","line_number":402,"threadId":"ThreadId(1)"}
{"timestamp":"2026-03-24T21:05:38.346963145-03:00","level":"DEBUG","fields":{"message":"reuse idle connection for (\"http\", localhost)"},"target":"hyper_util::client::legacy::pool","line_number":269,"threadId":"ThreadId(1)"}
{"timestamp":"2026-03-24T21:05:38.348662270-03:00","level":"DEBUG","fields":{"message":"pooling idle connection for (\"http\", localhost)"},"target":"hyper_util::client::legacy::pool","line_number":402,"threadId":"ThreadId(1)"}
{"timestamp":"2026-03-24T21:05:38.348980379-03:00","level":"DEBUG","fields":{"message":"reuse idle connection for (\"http\", localhost)"},"target":"hyper_util::client::legacy::pool","line_number":269,"threadId":"ThreadId(1)"}
{"timestamp":"2026-03-24T21:05:38.350729241-03:00","level":"DEBUG","fields":{"message":"pooling idle connection for (\"http\", localhost)"},"target":"hyper_util::client::legacy::pool","line_number":402,"threadId":"ThreadId(1)"}
{"timestamp":"2026-03-24T21:05:38.607690183-03:00","level":"DEBUG","fields":{"message":"reuse idle connection for (\"http\", localhost)"},"target":"hyper_util::client::legacy::pool","line_number":269,"threadId":"ThreadId(1)"}
{"timestamp":"2026-03-24T21:05:38.609011356-03:00","level":"DEBUG","fields":{"message":"pooling idle connection for (\"http\", localhost)"},"target":"hyper_util::client::legacy::pool","line_number":402,"threadId":"ThreadId(1)"}
{"timestamp":"2026-03-24T21:05:38.609278105-03:00","level":"DEBUG","fields":{"message":"reuse idle connection for (\"http\", localhost)"},"target":"hyper_util::client::legacy::pool","line_number":269,"threadId":"ThreadId(1)"}
{"timestamp":"2026-03-24T21:05:38.610519458-03:00","level":"DEBUG","fields":{"message":"pooling idle connection for (\"http\", localhost)"},"target":"hyper_util::client::legacy::pool","line_number":402,"threadId":"ThreadId(1)"}
{"timestamp":"2026-03-24T21:05:38.866003878-03:00","level":"DEBUG","fields":{"message":"reuse idle connection for (\"http\", localhost)"},"target":"hyper_util::client::legacy::pool","line_number":269,"threadId":"ThreadId(1)"}
{"timestamp":"2026-03-24T21:05:38.867744554-03:00","level":"DEBUG","fields":{"message":"pooling idle connection for (\"http\", localhost)"},"target":"hyper_util::client::legacy::pool","line_number":402,"threadId":"ThreadId(1)"}
{"timestamp":"2026-03-24T21:05:38.867922492-03:00","level":"DEBUG","fields":{"message":"reuse idle connection for (\"http\", localhost)"},"target":"hyper_util::client::legacy::pool","line_number":269,"threadId":"ThreadId(1)"}
{"timestamp":"2026-03-24T21:05:38.869515472-03:00","level":"DEBUG","fields":{"message":"pooling idle connection for (\"http\", localhost)"},"target":"hyper_util::client::legacy::pool","line_number":402,"threadId":"ThreadId(1)"}
{"timestamp":"2026-03-24T21:05:39.123777804-03:00","level":"DEBUG","fields":{"message":"reuse idle connection for (\"http\", localhost)"},"target":"hyper_util::client::legacy::pool","line_number":269,"threadId":"ThreadId(1)"}
{"timestamp":"2026-03-24T21:05:39.125642265-03:00","level":"DEBUG","fields":{"message":"pooling idle connection for (\"http\", localhost)"},"target":"hyper_util::client::legacy::pool","line_number":402,"threadId":"ThreadId(1)"}
{"timestamp":"2026-03-24T21:05:39.125817129-03:00","level":"DEBUG","fields":{"message":"reuse idle connection for (\"http\", localhost)"},"target":"hyper_util::client::legacy::pool","line_number":269,"threadId":"ThreadId(1)"}
{"timestamp":"2026-03-24T21:05:39.127580505-03:00","level":"DEBUG","fields":{"message":"pooling idle connection for (\"http\", localhost)"},"target":"hyper_util::client::legacy::pool","line_number":402,"threadId":"ThreadId(1)"}
{"timestamp":"2026-03-24T21:05:39.381897410-03:00","level":"DEBUG","fields":{"message":"reuse idle connection for (\"http\", localhost)"},"target":"hyper_util::client::legacy::pool","line_number":269,"threadId":"ThreadId(1)"}
{"timestamp":"2026-03-24T21:05:39.383050321-03:00","level":"DEBUG","fields":{"message":"pooling idle connection for (\"http\", localhost)"},"target":"hyper_util::client::legacy::pool","line_number":402,"threadId":"ThreadId(1)"}
{"timestamp":"2026-03-24T21:05:39.383247470-03:00","level":"DEBUG","fields":{"message":"reuse idle connection for (\"http\", localhost)"},"target":"hyper_util::client::legacy::pool","line_number":269,"threadId":"ThreadId(1)"}
{"timestamp":"2026-03-24T21:05:39.384871097-03:00","level":"DEBUG","fields":{"message":"pooling idle connection for (\"http\", localhost)"},"target":"hyper_util::client::legacy::pool","line_number":402,"threadId":"ThreadId(1)"}
{"timestamp":"2026-03-24T21:05:39.640832163-03:00","level":"DEBUG","fields":{"message":"reuse idle connection for (\"http\", localhost)"},"target":"hyper_util::client::legacy::pool","line_number":269,"threadId":"ThreadId(1)"}
{"timestamp":"2026-03-24T21:05:39.642486167-03:00","level":"DEBUG","fields":{"message":"pooling idle connection for (\"http\", localhost)"},"target":"hyper_util::client::legacy::pool","line_number":402,"threadId":"ThreadId(1)"}
{"timestamp":"2026-03-24T21:05:39.642668638-03:00","level":"DEBUG","fields":{"message":"reuse idle connection for (\"http\", localhost)"},"target":"hyper_util::client::legacy::pool","line_number":269,"threadId":"ThreadId(1)"}
{"timestamp":"2026-03-24T21:05:39.644195938-03:00","level":"DEBUG","fields":{"message":"pooling idle connection for (\"http\", localhost)"},"target":"hyper_util::client::legacy::pool","line_number":402,"threadId":"ThreadId(1)"}
{"timestamp":"2026-03-24T21:05:39.744866741-03:00","level":"DEBUG","fields":{"message":"reuse idle connection for (\"http\", localhost)"},"target":"hyper_util::client::legacy::pool","line_number":269,"threadId":"ThreadId(1)"}
{"timestamp":"2026-03-24T21:05:39.874378849-03:00","level":"DEBUG","fields":{"message":"pooling idle connection for (\"http\", localhost)"},"target":"hyper_util::client::legacy::pool","line_number":402,"threadId":"ThreadId(13)"}
{"timestamp":"2026-03-24T21:05:39.875331144-03:00","level":"DEBUG","fields":{"message":"reuse idle connection for (\"http\", localhost)"},"target":"hyper_util::client::legacy::pool","line_number":269,"threadId":"ThreadId(1)"}
{"timestamp":"2026-03-24T21:05:39.875853141-03:00","level":"DEBUG","fields":{"message":"pooling idle connection for (\"http\", localhost)"},"target":"hyper_util::client::legacy::pool","line_number":402,"threadId":"ThreadId(1)"}
{"timestamp":"2026-03-24T21:05:39.876000910-03:00","level":"DEBUG","fields":{"message":"reuse idle connection for (\"http\", localhost)"},"target":"hyper_util::client::legacy::pool","line_number":269,"threadId":"ThreadId(1)"}
{"timestamp":"2026-03-24T21:05:39.876584873-03:00","level":"DEBUG","fields":{"message":"pooling idle connection for (\"http\", localhost)"},"target":"hyper_util::client::legacy::pool","line_number":402,"threadId":"ThreadId(1)"}
{"timestamp":"2026-03-24T21:05:40.130699613-03:00","level":"DEBUG","fields":{"message":"reuse idle connection for (\"http\", localhost)"},"target":"hyper_util::client::legacy::pool","line_number":269,"threadId":"ThreadId(1)"}
{"timestamp":"2026-03-24T21:05:40.132710151-03:00","level":"DEBUG","fields":{"message":"pooling idle connection for (\"http\", localhost)"},"target":"hyper_util::client::legacy::pool","line_number":402,"threadId":"ThreadId(14)"}
{"timestamp":"2026-03-24T21:05:40.132865382-03:00","level":"DEBUG","fields":{"message":"reuse idle connection for (\"http\", localhost)"},"target":"hyper_util::client::legacy::pool","line_number":269,"threadId":"ThreadId(1)"}
{"timestamp":"2026-03-24T21:05:40.134342341-03:00","level":"DEBUG","fields":{"message":"pooling idle connection for (\"http\", localhost)"},"target":"hyper_util::client::legacy::pool","line_number":402,"threadId":"ThreadId(1)"}
{"timestamp":"2026-03-24T21:05:40.134518592-03:00","level":"DEBUG","fields":{"message":"reuse idle connection for (\"http\", localhost)"},"target":"hyper_util::client::legacy::pool","line_number":269,"threadId":"ThreadId(1)"}
{"timestamp":"2026-03-24T21:05:40.237005877-03:00","level":"DEBUG","fields":{"message":"pooling idle connection for (\"http\", localhost)"},"target":"hyper_util::client::legacy::pool","line_number":402,"threadId":"ThreadId(14)"}
{"timestamp":"2026-03-24T21:08:43.681701647-03:00","level":"INFO","fields":{"message":"TUI starting","api_url":"http://localhost"},"target":"tui","line_number":33,"threadId":"ThreadId(1)"}
{"timestamp":"2026-03-24T21:08:43.691793971-03:00","level":"DEBUG","fields":{"message":"starting new connection: http://localhost/","log.target":"reqwest::connect","log.module_path":"reqwest::connect","log.file":"/home/dan/.cargo/registry/src/index.crates.io-1949cf8c6b5b557f/reqwest-0.12.28/src/connect.rs","log.line":929},"target":"reqwest::connect","line_number":929,"threadId":"ThreadId(1)"}
{"timestamp":"2026-03-24T21:08:43.693121207-03:00","level":"DEBUG","fields":{"message":"connecting to [::1]:80"},"target":"hyper_util::client::legacy::connect::http","line_number":768,"threadId":"ThreadId(1)"}
{"timestamp":"2026-03-24T21:08:43.693309353-03:00","level":"DEBUG","fields":{"message":"connected to [::1]:80"},"target":"hyper_util::client::legacy::connect::http","line_number":771,"threadId":"ThreadId(1)"}
{"timestamp":"2026-03-24T21:11:50.561966653-03:00","level":"INFO","fields":{"message":"TUI starting","api_url":"http://localhost"},"target":"tui","line_number":33,"threadId":"ThreadId(1)"}
{"timestamp":"2026-03-24T21:11:50.571758894-03:00","level":"DEBUG","fields":{"message":"starting new connection: http://localhost/","log.target":"reqwest::connect","log.module_path":"reqwest::connect","log.file":"/home/dan/.cargo/registry/src/index.crates.io-1949cf8c6b5b557f/reqwest-0.12.28/src/connect.rs","log.line":929},"target":"reqwest::connect","line_number":929,"threadId":"ThreadId(1)"}
{"timestamp":"2026-03-24T21:11:50.573058512-03:00","level":"DEBUG","fields":{"message":"connecting to [::1]:80"},"target":"hyper_util::client::legacy::connect::http","line_number":768,"threadId":"ThreadId(1)"}
{"timestamp":"2026-03-24T21:11:50.573191218-03:00","level":"DEBUG","fields":{"message":"connected to [::1]:80"},"target":"hyper_util::client::legacy::connect::http","line_number":771,"threadId":"ThreadId(1)"}
{"timestamp":"2026-03-24T21:13:52.659031862-03:00","level":"DEBUG","fields":{"message":"starting new connection: http://localhost/","log.target":"reqwest::connect","log.module_path":"reqwest::connect","log.file":"/home/dan/.cargo/registry/src/index.crates.io-1949cf8c6b5b557f/reqwest-0.12.28/src/connect.rs","log.line":929},"target":"reqwest::connect","line_number":929,"threadId":"ThreadId(1)"}
{"timestamp":"2026-03-24T21:13:52.660223492-03:00","level":"DEBUG","fields":{"message":"connecting to [::1]:80"},"target":"hyper_util::client::legacy::connect::http","line_number":768,"threadId":"ThreadId(1)"}
{"timestamp":"2026-03-24T21:13:52.660521884-03:00","level":"DEBUG","fields":{"message":"connected to [::1]:80"},"target":"hyper_util::client::legacy::connect::http","line_number":771,"threadId":"ThreadId(1)"}
{"timestamp":"2026-03-24T21:14:20.522477584-03:00","level":"DEBUG","fields":{"message":"starting new connection: http://localhost/","log.target":"reqwest::connect","log.module_path":"reqwest::connect","log.file":"/home/dan/.cargo/registry/src/index.crates.io-1949cf8c6b5b557f/reqwest-0.12.28/src/connect.rs","log.line":929},"target":"reqwest::connect","line_number":929,"threadId":"ThreadId(1)"}
{"timestamp":"2026-03-24T21:14:20.523201893-03:00","level":"DEBUG","fields":{"message":"connecting to [::1]:80"},"target":"hyper_util::client::legacy::connect::http","line_number":768,"threadId":"ThreadId(5)"}
{"timestamp":"2026-03-24T21:14:20.523618910-03:00","level":"DEBUG","fields":{"message":"connected to [::1]:80"},"target":"hyper_util::client::legacy::connect::http","line_number":771,"threadId":"ThreadId(4)"}
{"timestamp":"2026-03-24T21:15:20.583685422-03:00","level":"DEBUG","fields":{"message":"client connection error: hyper::Error(IncompleteMessage)"},"target":"hyper_util::client::legacy::client","line_number":589,"threadId":"ThreadId(6)"}
{"timestamp":"2026-03-24T21:15:55.605312781-03:00","level":"DEBUG","fields":{"message":"starting new connection: http://localhost/","log.target":"reqwest::connect","log.module_path":"reqwest::connect","log.file":"/home/dan/.cargo/registry/src/index.crates.io-1949cf8c6b5b557f/reqwest-0.12.28/src/connect.rs","log.line":929},"target":"reqwest::connect","line_number":929,"threadId":"ThreadId(1)"}
{"timestamp":"2026-03-24T21:15:55.605999789-03:00","level":"DEBUG","fields":{"message":"connecting to [::1]:80"},"target":"hyper_util::client::legacy::connect::http","line_number":768,"threadId":"ThreadId(1)"}
{"timestamp":"2026-03-24T21:15:55.606182545-03:00","level":"DEBUG","fields":{"message":"connected to [::1]:80"},"target":"hyper_util::client::legacy::connect::http","line_number":771,"threadId":"ThreadId(1)"}
{"timestamp":"2026-03-24T21:17:58.896660984-03:00","level":"DEBUG","fields":{"message":"starting new connection: http://localhost/","log.target":"reqwest::connect","log.module_path":"reqwest::connect","log.file":"/home/dan/.cargo/registry/src/index.crates.io-1949cf8c6b5b557f/reqwest-0.12.28/src/connect.rs","log.line":929},"target":"reqwest::connect","line_number":929,"threadId":"ThreadId(1)"}
{"timestamp":"2026-03-24T21:17:58.897406075-03:00","level":"DEBUG","fields":{"message":"connecting to [::1]:80"},"target":"hyper_util::client::legacy::connect::http","line_number":768,"threadId":"ThreadId(1)"}
{"timestamp":"2026-03-24T21:17:58.897505879-03:00","level":"DEBUG","fields":{"message":"connected to [::1]:80"},"target":"hyper_util::client::legacy::connect::http","line_number":771,"threadId":"ThreadId(1)"}
{"timestamp":"2026-03-24T21:20:03.102360272-03:00","level":"DEBUG","fields":{"message":"starting new connection: http://localhost/","log.target":"reqwest::connect","log.module_path":"reqwest::connect","log.file":"/home/dan/.cargo/registry/src/index.crates.io-1949cf8c6b5b557f/reqwest-0.12.28/src/connect.rs","log.line":929},"target":"reqwest::connect","line_number":929,"threadId":"ThreadId(1)"}
{"timestamp":"2026-03-24T21:20:03.103244869-03:00","level":"DEBUG","fields":{"message":"connecting to [::1]:80"},"target":"hyper_util::client::legacy::connect::http","line_number":768,"threadId":"ThreadId(1)"}
{"timestamp":"2026-03-24T21:20:03.103539947-03:00","level":"DEBUG","fields":{"message":"connected to [::1]:80"},"target":"hyper_util::client::legacy::connect::http","line_number":771,"threadId":"ThreadId(1)"}
{"timestamp":"2026-03-24T21:22:06.145714177-03:00","level":"DEBUG","fields":{"message":"starting new connection: http://localhost/","log.target":"reqwest::connect","log.module_path":"reqwest::connect","log.file":"/home/dan/.cargo/registry/src/index.crates.io-1949cf8c6b5b557f/reqwest-0.12.28/src/connect.rs","log.line":929},"target":"reqwest::connect","line_number":929,"threadId":"ThreadId(1)"}
{"timestamp":"2026-03-24T21:22:06.146726159-03:00","level":"DEBUG","fields":{"message":"connecting to [::1]:80"},"target":"hyper_util::client::legacy::connect::http","line_number":768,"threadId":"ThreadId(1)"}
{"timestamp":"2026-03-24T21:22:06.146952970-03:00","level":"DEBUG","fields":{"message":"connected to [::1]:80"},"target":"hyper_util::client::legacy::connect::http","line_number":771,"threadId":"ThreadId(1)"}
{"timestamp":"2026-03-24T21:24:50.583781663-03:00","level":"INFO","fields":{"message":"TUI starting","api_url":"http://localhost"},"target":"tui","line_number":33,"threadId":"ThreadId(1)"}
{"timestamp":"2026-03-24T21:24:50.596726962-03:00","level":"DEBUG","fields":{"message":"starting new connection: http://localhost/","log.target":"reqwest::connect","log.module_path":"reqwest::connect","log.file":"/home/dan/.cargo/registry/src/index.crates.io-1949cf8c6b5b557f/reqwest-0.12.28/src/connect.rs","log.line":929},"target":"reqwest::connect","line_number":929,"threadId":"ThreadId(1)"}
{"timestamp":"2026-03-24T21:24:50.598132039-03:00","level":"DEBUG","fields":{"message":"connecting to [::1]:80"},"target":"hyper_util::client::legacy::connect::http","line_number":768,"threadId":"ThreadId(1)"}
{"timestamp":"2026-03-24T21:24:50.598445057-03:00","level":"DEBUG","fields":{"message":"connected to [::1]:80"},"target":"hyper_util::client::legacy::connect::http","line_number":771,"threadId":"ThreadId(1)"}
{"timestamp":"2026-03-24T21:35:02.620503571-03:00","level":"INFO","fields":{"message":"TUI starting","api_url":"http://localhost"},"target":"tui","line_number":33,"threadId":"ThreadId(1)"}
{"timestamp":"2026-03-24T21:35:02.630344924-03:00","level":"DEBUG","fields":{"message":"starting new connection: http://localhost/","log.target":"reqwest::connect","log.module_path":"reqwest::connect","log.file":"/home/dan/.cargo/registry/src/index.crates.io-1949cf8c6b5b557f/reqwest-0.12.28/src/connect.rs","log.line":929},"target":"reqwest::connect","line_number":929,"threadId":"ThreadId(1)"}
{"timestamp":"2026-03-24T21:35:02.631489617-03:00","level":"DEBUG","fields":{"message":"connecting to [::1]:80"},"target":"hyper_util::client::legacy::connect::http","line_number":768,"threadId":"ThreadId(1)"}
{"timestamp":"2026-03-24T21:35:02.631744009-03:00","level":"DEBUG","fields":{"message":"connected to [::1]:80"},"target":"hyper_util::client::legacy::connect::http","line_number":771,"threadId":"ThreadId(1)"}
